Starting game with 4 players
[Player 0] Played Curse
[Player 0] Played Estate
[Player 0] Played Duchy
[Player 0] Played Copper
[Player 0] Coins: 4
[Player 0] Bought Ambassador for 3 coins
----------
[Player 1] Played Estate
[Player 1] Played Duchy
[Player 1] Coins: 2
[Player 1] Bought Copper for 0 coins
----------
[Player 2] Played Curse
[Player 2] Played Duchy
[Player 2] Played Province
[Player 2] Played Copper
[Player 2] Coins: 4
[Player 2] Bought Smithy for 4 coins
----------
[Player 3] Played Curse
[Player 3] Played Estate
[Player 3] Played Duchy
[Player 3] Played Province
[Player 3] Played Copper
[Player 3] Coins: 5
[Player 3] Bought Ambassador for 3 coins
----------
[Player 0] Played Curse
[Player 0] Played Duchy
[Player 0] Played Province
[Player 0] Coins: 3
[Player 0] Bought Curse for 0 coins
----------
[Player 1] Played Curse
[Player 1] Played Estate
[Player 1] Played Duchy
[Player 1] Played Province
[Player 1] Played Copper
[Player 1] Coins: 5
[Player 1] Bought Gardens for 4 coins
----------
[Player 2] Played Curse
[Player 2] Played Province
[Player 2] Played Copper
[Player 2] Coins: 3
[Player 2] Bought Curse for 0 coins
----------
[Player 3] Played Duchy
[Player 3] Played Copper
[Player 3] Coins: 2
[Player 3] Bought Estate for 2 coins
----------
[Player 0] Played Estate
[Player 0] Played Duchy
[Player 0] Played Copper
[Player 0] Coins: 3
[Player 0] Bought Steward for 3 coins
----------
[Player 1] Played Estate
[Player 1] Played Province
[Player 1] Coins: 2
[Player 1] Bought Curse for 0 coins
----------
[Player 2] Played Curse
[Player 2] Played Duchy
[Player 2] Played Silver
[Player 2] Played Gold
[Player 2] Played Adventurer
[Player 2] Coins: 2
[Player 2] Bought Estate for 2 coins
----------
[Player 3] Played Estate
[Player 3] Played Duchy
[Player 3] Played Province
[Player 3] Coins: 3
[Player 3] Bought Steward for 3 coins
----------
[Player 0] Played Curse
[Player 0] Played Duchy
[Player 0] Coins: 2
[Player 0] Bought Copper for 0 coins
----------
[Player 1] Played Curse
[Player 1] Played Estate
[Player 1] Played Province
[Player 1] Played Copper
[Player 1] Coins: 4
[Player 1] Bought Smithy for 4 coins
----------
[Player 2] Played Curse
[Player 2] Played Estate
[Player 2] Coins: 2
[Player 2] Bought Curse for 0 coins
----------
[Player 3] Played Curse
[Player 3] Played Estate
[Player 3] Played Duchy
[Player 3] Played Province
[Player 3] Coins: 4
[Player 3] Bought Remodel for 4 coins
----------
[Player 0] Played Curse
[Player 0] Played Estate
[Player 0] Played Copper
[Player 0] Coins: 3
[Player 0] Bought Silver for 3 coins
----------
[Player 1] Played Curse
[Player 1] Played Estate
[Player 1] Played Duchy
[Player 1] Played Province
[Player 1] Coins: 4
[Player 1] Bought Estate for 2 coins
----------
[Player 2] Played Estate
[Player 2] Played Duchy
[Player 2] Played Copper
[Player 2] Coins: 3
[Player 2] Bought Ambassador for 3 coins
----------
[Player 3] Played Duchy
[Player 3] Played Province
[Player 3] Played Copper
[Player 3] Coins: 3
[Player 3] Bought Estate for 2 coins
----------
[Player 0] Played Steward
[Player 0] Played Curse
[Player 0] Coins: 1
[Player 0] Bought Copper for 0 coins
[Player 0] Bought Curse for 0 coins
[Player 0] Bought Curse for 0 coins
[Player 0] Bought Copper for 0 coins
----------
[Player 1] Played Province
[Player 1] Coins: 1
[Player 1] Bought Curse for 0 coins
----------
[Player 2] Played Curse
[Player 2] Played Estate
[Player 2] Played Province
[Player 2] Coins: 3
[Player 2] Bought Copper for 0 coins
----------
[Player 3] Played Steward
[Player 3] Played Curse
[Player 3] Coins: 1
[Player 3] Bought Curse for 0 coins
----------
[Player 0] Played Curse
[Player 0] Played Duchy
[Player 0] Played Province
[Player 0] Coins: 3
[Player 0] Bought Ambassador for 3 coins
----------
[Player 1] Played Curse
[Player 1] Played Estate
[Player 1] Played Duchy
[Player 1] Played Province
[Player 1] Played Silver
[Player 1] Played Gold
[Player 1] Coins: 3
[Player 1] Bought Silver for 3 coins
----------
[Player 2] Played Estate
[Player 2] Played Duchy
[Player 2] Coins: 2
[Player 2] Bought Estate for 2 coins
----------
[Player 3] Played Province
[Player 3] Coins: 1
[Player 3] Bought Curse for 0 coins
----------
[Player 0] Played Curse
[Player 0] Played Duchy
[Player 0] Played Province
[Player 0] Played Copper
[Player 0] Coins: 5
[Player 0] Bought Remodel for 4 coins
----------
[Player 1] Played Duchy
[Player 1] Coins: 1
[Player 1] Bought Curse for 0 coins
----------
[Player 2] Played Curse
[Player 2] Played Duchy
[Player 2] Played Copper
[Player 2] Coins: 3
[Player 2] Bought Copper for 0 coins
----------
[Player 3] Played Curse
[Player 3] Played Estate
[Player 3] Played Province
[Player 3] Played Copper
[Player 3] Coins: 4
[Player 3] Bought Silver for 3 coins
----------
[Player 0] Played Estate
[Player 0] Played Province
[Player 0] Coins: 2
[Player 0] Bought Copper for 0 coins
----------
[Player 1] Played Curse
[Player 1] Played Duchy
[Player 1] Coins: 2
[Player 1] Bought Copper for 0 coins
----------
[Player 2] Played Estate
[Player 2] Played Duchy
[Player 2] Coins: 2
[Player 2] Bought Curse for 0 coins
----------
[Player 3] Played Copper
[Player 3] Coins: 1
[Player 3] Bought Curse for 0 coins
----------
[Player 0] Played Curse
[Player 0] Played Duchy
[Player 0] Played Province
[Player 0] Coins: 3
[Player 0] Bought Copper for 0 coins
----------
[Player 1] Played Curse
[Player 1] Played Estate
[Player 1] Played Province
[Player 1] Played Copper
[Player 1] Coins: 5
[Player 1] Bought Silver for 3 coins
----------
[Player 2] Played Curse
[Player 2] Played Province
[Player 2] Coins: 2
[Player 2] Bought Copper for 0 coins
----------
[Player 3] Played Curse
[Player 3] Played Province
[Player 3] Coins: 2
[Player 3] Bought Copper for 0 coins
----------
[Player 0] Played Curse
[Player 0] Played Estate
[Player 0] Played Duchy
[Player 0] Played Province
[Player 0] Played Copper
[Player 0] Coins: 6
[Player 0] Bought Mine for 5 coins
----------
[Player 1] Played Province
[Player 1] Played Copper
[Player 1] Coins: 2
[Player 1] Bought Copper for 0 coins
----------
[Player 2] Played Curse
[Player 2] Played Estate
[Player 2] Played Duchy
[Player 2] Coins: 3
[Player 2] Bought Copper for 0 coins
----------
[Player 3] Played Estate
[Player 3] Played Duchy
[Player 3] Played Province
[Player 3] Coins: 4
[Player 3] Bought Gardens for 4 coins
----------
[Player 0] Played Duchy
[Player 0] Coins: 1
[Player 0] Bought Curse for 0 coins
----------
[Player 1] Played Estate
[Player 1] Played Province
[Player 1] Coins: 2
[Player 1] Bought Copper for 0 coins
----------
[Player 2] Played Estate
[Player 2] Played Province
[Player 2] Coins: 2
[Player 2] Bought Copper for 0 coins
----------
[Player 3] Played Curse
[Player 3] Played Estate
[Player 3] Played Duchy
[Player 3] Coins: 4
[Player 3] Bought Remodel for 4 coins
----------
[Player 0] Played Curse
[Player 0] Played Duchy
[Player 0] Played Copper
[Player 0] Coins: 3
[Player 0] Bought Copper for 0 coins
----------
[Player 1] Played Curse
[Player 1] Played Estate
[Player 1] Played Duchy
[Player 1] Coins: 3
[Player 1] Bought Copper for 0 coins
----------
[Player 2] Played Curse
[Player 2] Played Estate
[Player 2] Played Duchy
[Player 2] Played Province
[Player 2] Coins: 4
[Player 2] Bought Estate for 2 coins
----------
[Player 3] Played Estate
[Player 3] Coins: 1
[Player 3] Bought Curse for 0 coins
----------
[Player 0] Played Curse
[Player 0] Coins: 1
[Player 0] Bought Curse for 0 coins
----------
[Player 1] Played Curse
[Player 1] Played Estate
[Player 1] Played Province
[Player 1] Played Copper
[Player 1] Coins: 5
[Player 1] Bought Silver for 3 coins
----------
[Player 2] Played Curse
[Player 2] Coins: 1
[Player 2] Bought Curse for 0 coins
----------
[Player 3] Played Province
[Player 3] Coins: 1
[Player 3] Bought Copper for 0 coins
----------
[Player 0] Played Curse
[Player 0] Played Estate
[Player 0] Played Duchy
[Player 0] Played Copper
[Player 0] Coins: 4
[Player 0] Bought Smithy for 4 coins
----------
[Player 1] Played Estate
[Player 1] Played Province
[Player 1] Played Copper
[Player 1] Coins: 4
[Player 1] Bought Gardens for 4 coins
----------
[Player 2] Played Curse
[Player 2] Played Estate
[Player 2] Played Province
[Player 2] Played Copper
[Player 2] Coins: 4
[Player 2] Bought Steward for 3 coins
----------
[Player 3] Played Curse
[Player 3] Played Duchy
[Player 3] Coins: 2
[Player 3] Bought Curse for 0 coins
----------
[Player 0] Played Curse
[Player 0] Played Estate
[Player 0] Played Province
[Player 0] Coins: 4
[Player 0] Bought Silver for 3 coins
----------
[Player 1] Played Curse
[Player 1] Played Estate
[Player 1] Played Province
[Player 1] Coins: 3
[Player 1] Bought Ambassador for 3 coins
----------
[Player 2] Played Curse
[Player 2] Played Estate
[Player 2] Played Province
[Player 2] Played Copper
[Player 2] Coins: 4
[Player 2] Bought Gardens for 4 coins
----------
[Player 3] Played Curse
[Player 3] Played Estate
[Player 3] Played Duchy
[Player 3] Coins: 3
[Player 3] Bought Silver for 3 coins
----------
[Player 0] Played Curse
[Player 0] Coins: 1
[Player 0] Bought Curse for 0 coins
----------
[Player 1] Played Curse
[Player 1] Played Duchy
[Player 1] Played Province
[Player 1] Played Copper
[Player 1] Coins: 6
[Player 1] Bought Minion for 5 coins
----------
[Player 2] Played Province
[Player 2] Played Copper
[Player 2] Coins: 2
[Player 2] Bought Curse for 0 coins
----------
[Player 3] Played Estate
[Player 3] Played Province
[Player 3] Coins: 3
[Player 3] Bought Curse for 0 coins
----------
[Player 0] Played Curse
[Player 0] Played Estate
[Player 0] Played Duchy
[Player 0] Played Province
[Player 0] Coins: 5
[Player 0] Bought Curse for 0 coins
----------
[Player 1] Played Curse
[Player 1] Played Estate
[Player 1] Coins: 2
[Player 1] Bought Curse for 0 coins
----------
[Player 2] Played Estate
[Player 2] Played Copper
[Player 2] Coins: 2
[Player 2] Bought Estate for 2 coins
----------
[Player 3] Played Province
[Player 3] Coins: 1
[Player 3] Bought Copper for 0 coins
----------
[Player 0] Played Duchy
[Player 0] Played Province
[Player 0] Played Copper
[Player 0] Played Silver
[Player 0] Played Gold
[Player 0] Coins: 3
[Player 0] Bought Estate for 2 coins
----------
[Player 1] Played Curse
[Player 1] Played Province
[Player 1] Played Copper
[Player 1] Coins: 4
[Player 1] Bought Copper for 0 coins
----------
[Player 2] Played Curse
[Player 2] Played Province
[Player 2] Coins: 2
[Player 2] Bought Copper for 0 coins
----------
[Player 3] Coins: 0
[Player 3] Bought Curse for 0 coins
----------
[Player 0] Played Curse
[Player 0] Played Estate
[Player 0] Coins: 2
[Player 0] Bought Curse for 0 coins
----------
[Player 1] Played Curse
[Player 1] Played Estate
[Player 1] Played Province
[Player 1] Coins: 3
[Player 1] Bought Curse for 0 coins
----------
[Player 2] Played Estate
[Player 2] Played Duchy
[Player 2] Coins: 2
[Player 2] Bought Curse for 0 coins
----------
[Player 3] Played Curse
[Player 3] Coins: 1
[Player 3] Bought Curse for 0 coins
----------
[Player 0] Played Curse
[Player 0] Played Estate
[Player 0] Coins: 2
[Player 0] Bought Curse for 0 coins
----------
[Player 1] Played Curse
[Player 1] Played Estate
[Player 1] Played Province
[Player 1] Coins: 4
[Player 1] Bought Copper for 0 coins
----------
[Player 2] Played Steward
[Player 2] Played Estate
[Player 2] Coins: 1
[Player 2] Bought Curse for 0 coins
----------
[Player 3] Played Duchy
[Player 3] Played Copper
[Player 3] Coins: 3
[Player 3] Bought Estate for 2 coins
----------
[Player 0] Played Curse
[Player 0] Played Duchy
[Player 0] Played Province
[Player 0] Coins: 4
[Player 0] Bought Steward for 3 coins
----------
[Player 1] Played Estate
[Player 1] Played Duchy
[Player 1] Played Copper
[Player 1] Coins: 5
[Player 1] Bought Steward for 3 coins
----------
[Player 2] Played Estate
[Player 2] Played Duchy
[Player 2] Played Copper
[Player 2] Coins: 3
[Player 2] Bought Steward for 3 coins
----------
[Player 3] Played Curse
[Player 3] Played Estate
[Player 3] Played Copper
[Player 3] Coins: 3
[Player 3] Bought Curse for 0 coins
----------
[Player 0] Played Copper
[Player 0] Coins: 2
[Player 0] Bought Estate for 2 coins
----------
[Player 1] Played Minion
[Player 1] Played Curse
[Player 1] Played Estate
[Player 1] Played Duchy
[Player 1] Played Province
[Player 1] Coins: 4
[Player 1] Bought Steward for 3 coins
----------
[Player 2] Played Steward
[Player 2] Played Curse
[Player 2] Coins: 1
[Player 2] Bought Copper for 0 coins
----------
[Player 3] Played Estate
[Player 3] Played Duchy
[Player 3] Played Province
[Player 3] Played Copper
[Player 3] Coins: 5
[Player 3] Bought Gardens for 4 coins
----------
[Player 0] Played Curse
[Player 0] Played Estate
[Player 0] Played Province
[Player 0] Played Copper
[Player 0] Coins: 4
[Player 0] Bought Estate for 2 coins
----------
[Player 1] Played Curse
[Player 1] Played Province
[Player 1] Coins: 2
[Player 1] Bought Estate for 2 coins
----------
[Player 2] Played Province
[Player 2] Played Copper
[Player 2] Coins: 2
[Player 2] Bought Copper for 0 coins
----------
[Player 3] Played Estate
[Player 3] Played Copper
[Player 3] Coins: 2
[Player 3] Bought Copper for 0 coins
----------
[Player 0] Played Curse
[Player 0] Played Duchy
[Player 0] Coins: 2
[Player 0] Bought Copper for 0 coins
----------
[Player 1] Played Duchy
[Player 1] Played Copper
[Player 1] Coins: 2
[Player 1] Bought Copper for 0 coins
----------
[Player 2] Played Estate
[Player 2] Played Copper
[Player 2] Coins: 2
[Player 2] Bought Copper for 0 coins
----------
[Player 3] Played Curse
[Player 3] Played Duchy
[Player 3] Played Province
[Player 3] Played Copper
[Player 3] Coins: 4
[Player 3] Bought Ambassador for 3 coins
----------
[Player 0] Played Duchy
[Player 0] Played Province
[Player 0] Played Copper
[Player 0] Coins: 3
[Player 0] Bought Steward for 3 coins
----------
[Player 1] Played Steward
[Player 1] Played Curse
[Player 1] Coins: 1
[Player 1] Bought Copper for 0 coins
----------
[Player 2] Played Estate
[Player 2] Coins: 1
[Player 2] Bought Copper for 0 coins
----------
[Player 3] Coins: 0
[Player 3] Bought Copper for 0 coins
----------
[Player 0] Played Curse
[Player 0] Played Estate
[Player 0] Played Province
[Player 0] Coins: 3
[Player 0] Bought Ambassador for 3 coins
----------
[Player 1] Played Curse
[Player 1] Played Estate
[Player 1] Played Province
[Player 1] Played Copper
[Player 1] Coins: 5
[Player 1] Bought Tribute for 5 coins
----------
[Player 2] Played Curse
[Player 2] Played Province
[Player 2] Coins: 2
[Player 2] Bought Copper for 0 coins
----------
Finished game.
Player 0 has a score of -4
Player 1 has a score of 1
Player 2 has a score of 1
Player 3 has a score of -2
Player 1 won!
Player 2 won!
